EventBus/build/outputs/logs/manifest-merger-debug-report.txt
-- Merging decision tree log ---
manifest
ADDED from IDAtivosAndroid_1.9.1.03 DESENVOLVIMENTO/EventBus/AndroidManifest.xml:1:1-14:12
INJECTED from IDAtivosAndroid_1.9.1.03 DESENVOLVIMENTO/EventBus/AndroidManifest.xml:1:1-14:12
INJECTED from IDAtivosAndroid_1.9.1.03 DESENVOLVIMENTO/EventBus/AndroidManifest.xml:1:1-14:12
INJECTED from IDAtivosAndroid_1.9.1.03 DESENVOLVIMENTO/EventBus/AndroidManifest.xml:1:1-14:12
INJECTED from IDAtivosAndroid_1.9.1.03 DESENVOLVIMENTO/EventBus/AndroidManifest.xml:1:1-14:12
INJECTED from IDAtivosAndroid_1.9.1.03 DESENVOLVIMENTO/EventBus/AndroidManifest.xml:1:1-14:12
INJECTED from IDAtivosAndroid_1.9.1.03 DESENVOLVIMENTO/EventBus/AndroidManifest.xml:1:1-14:12
	package
		ADDED from IDAtivosAndroid_1.9.1.03 DESENVOLVIMENTO/EventBus/AndroidManifest.xml:2:5-34
		INJECTED from IDAtivosAndroid_1.9.1.03 DESENVOLVIMENTO/EventBus/AndroidManifest.xml
		INJECTED from IDAtivosAndroid_1.9.1.03 DESENVOLVIMENTO/EventBus/AndroidManifest.xml
	android:versionName
		INJECTED from IDAtivosAndroid_1.9.1.03 DESENVOLVIMENTO/EventBus/AndroidManifest.xml
		ADDED from IDAtivosAndroid_1.9.1.03 DESENVOLVIMENTO/EventBus/AndroidManifest.xml:5:5-30
		INJECTED from IDAtivosAndroid_1.9.1.03 DESENVOLVIMENTO/EventBus/AndroidManifest.xml
	xmlns:tools
		ADDED from IDAtivosAndroid_1.9.1.03 DESENVOLVIMENTO/EventBus/AndroidManifest.xml:3:5-51
	android:versionCode
		INJECTED from IDAtivosAndroid_1.9.1.03 DESENVOLVIMENTO/EventBus/AndroidManifest.xml
		ADDED from IDAtivosAndroid_1.9.1.03 DESENVOLVIMENTO/EventBus/AndroidManifest.xml:4:5-28
		INJECTED from IDAtivosAndroid_1.9.1.03 DESENVOLVIMENTO/EventBus/AndroidManifest.xml
	xmlns:android
		ADDED from IDAtivosAndroid_1.9.1.03 DESENVOLVIMENTO/EventBus/AndroidManifest.xml:1:11-69
uses-sdk
ADDED from IDAtivosAndroid_1.9.1.03 DESENVOLVIMENTO/EventBus/AndroidManifest.xml:8:5-73
INJECTED from IDAtivosAndroid_1.9.1.03 DESENVOLVIMENTO/EventBus/AndroidManifest.xml:8:5-73
INJECTED from IDAtivosAndroid_1.9.1.03 DESENVOLVIMENTO/EventBus/AndroidManifest.xml:8:5-73
INJECTED from IDAtivosAndroid_1.9.1.03 DESENVOLVIMENTO/EventBus/AndroidManifest.xml:8:5-73
INJECTED from IDAtivosAndroid_1.9.1.03 DESENVOLVIMENTO/EventBus/AndroidManifest.xml:8:5-73
	android:targetSdkVersion
		ADDED from IDAtivosAndroid_1.9.1.03 DESENVOLVIMENTO/EventBus/AndroidManifest.xml:8:41-70
		INJECTED from IDAtivosAndroid_1.9.1.03 DESENVOLVIMENTO/EventBus/AndroidManifest.xml
		INJECTED from IDAtivosAndroid_1.9.1.03 DESENVOLVIMENTO/EventBus/AndroidManifest.xml
	android:minSdkVersion
		ADDED from IDAtivosAndroid_1.9.1.03 DESENVOLVIMENTO/EventBus/AndroidManifest.xml:8:15-40
		INJECTED from IDAtivosAndroid_1.9.1.03 DESENVOLVIMENTO/EventBus/AndroidManifest.xml
		INJECTED from IDAtivosAndroid_1.9.1.03 DESENVOLVIMENTO/EventBus/AndroidManifest.xml
application
ADDED from IDAtivosAndroid_1.9.1.03 DESENVOLVIMENTO/EventBus/AndroidManifest.xml:10:5-12:19
	android:label
		ADDED from IDAtivosAndroid_1.9.1.03 DESENVOLVIMENTO/EventBus/AndroidManifest.xml:10:18-50